15:01:07 INFO  : Registering command handlers for SDK TCF services
15:01:07 INFO  : Launching XSCT server: xsct.bat -interactive C:\GIT\ESiF_Zynq\Task1\ESiF_Task1\ESiF_Task1.sdk\temp_xsdb_launch_script.tcl
15:01:09 INFO  : XSCT server has started successfully.
15:01:11 INFO  : Successfully done setting XSCT server connection channel  
15:01:11 INFO  : Successfully done setting SDK workspace  
15:01:11 INFO  : Processing command line option -hwspec C:/GIT/ESiF_Zynq/Task1/ESiF_Task1/ESiF_Task1.sdk/zynq_wrapper.hdf.
17:37:05 INFO  : Registering command handlers for SDK TCF services
17:37:06 INFO  : Launching XSCT server: xsct.bat -interactive C:\GIT\ESiF_Zynq\Task1\ESiF_Task1\ESiF_Task1.sdk\temp_xsdb_launch_script.tcl
17:37:09 INFO  : XSCT server has started successfully.
17:37:10 INFO  : Successfully done setting XSCT server connection channel  
17:37:10 INFO  : Successfully done setting SDK workspace  
17:37:10 INFO  : Processing command line option -hwspec C:/GIT/ESiF_Zynq/Task1/ESiF_Task1/ESiF_Task1.sdk/zynq_wrapper.hdf.
17:37:10 INFO  : Checking for hwspec changes in the project zynq_wrapper_hw_platform_0.
17:39:32 INFO  : Connected to target on host '127.0.0.1' and port '3121'.
17:39:32 INFO  : 'targets -set -filter {jtag_cable_name =~ "Digilent Zed 210248A49C47" && level==0} -index 1' command is executed.
17:39:35 INFO  : FPGA configured successfully with bitstream "C:/GIT/ESiF_Zynq/Task1/ESiF_Task1/ESiF_Task1.sdk/zynq_wrapper_hw_platform_0/zynq_wrapper.bit"
17:40:06 INFO  : 'targets -set -filter {jtag_cable_name =~ "Digilent Zed 210248A49C47" && level==0} -index 1' command is executed.
17:40:06 INFO  : 'fpga -state' command is executed.
17:40:06 INFO  : Connected to target on host '127.0.0.1' and port '3121'.
17:40:07 INFO  : Jtag cable 'Digilent Zed 210248A49C47' is selected.
17:40:07 INFO  : 'jtag frequency' command is executed.
17:40:07 INFO  : Sourcing of 'C:/GIT/ESiF_Zynq/Task1/ESiF_Task1/ESiF_Task1.sdk/zynq_wrapper_hw_platform_0/ps7_init.tcl' is done.
17:40:07 INFO  : Context for 'APU' is selected.
17:40:07 INFO  : Hardware design information is loaded from 'C:/GIT/ESiF_Zynq/Task1/ESiF_Task1/ESiF_Task1.sdk/zynq_wrapper_hw_platform_0/system.hdf'.
17:40:07 INFO  : 'configparams force-mem-access 1' command is executed.
17:40:07 INFO  : Context for 'APU' is selected.
17:40:07 INFO  : 'stop' command is executed.
17:40:07 INFO  : 'ps7_init' command is executed.
17:40:07 INFO  : 'ps7_post_config' command is executed.
17:40:07 INFO  : Context for processor 'ps7_cortexa9_0' is selected.
17:40:07 INFO  : Processor reset is completed for 'ps7_cortexa9_0'.
17:40:07 INFO  : Context for processor 'ps7_cortexa9_0' is selected.
17:40:08 INFO  : The application 'C:/GIT/ESiF_Zynq/Task1/ESiF_Task1/ESiF_Task1.sdk/task1/Debug/task1.elf' is downloaded to processor 'ps7_cortexa9_0'.
17:40:08 INFO  : 'configparams force-mem-access 0' command is executed.
17:40:08 INFO  : ----------------XSDB Script----------------
connect -url tcp:127.0.0.1:3121
source C:/GIT/ESiF_Zynq/Task1/ESiF_Task1/ESiF_Task1.sdk/zynq_wrapper_hw_platform_0/ps7_init.tcl
targets -set -nocase -filter {name =~"APU*" && jtag_cable_name =~ "Digilent Zed 210248A49C47"} -index 0
loadhw -hw C:/GIT/ESiF_Zynq/Task1/ESiF_Task1/ESiF_Task1.sdk/zynq_wrapper_hw_platform_0/system.hdf -mem-ranges [list {0x40000000 0xbfffffff}]
configparams force-mem-access 1
targets -set -nocase -filter {name =~"APU*" && jtag_cable_name =~ "Digilent Zed 210248A49C47"} -index 0
stop
ps7_init
ps7_post_config
targets -set -nocase -filter {name =~ "ARM*#0" && jtag_cable_name =~ "Digilent Zed 210248A49C47"} -index 0
rst -processor
targets -set -nocase -filter {name =~ "ARM*#0" && jtag_cable_name =~ "Digilent Zed 210248A49C47"} -index 0
dow C:/GIT/ESiF_Zynq/Task1/ESiF_Task1/ESiF_Task1.sdk/task1/Debug/task1.elf
configparams force-mem-access 0
----------------End of Script----------------

17:40:08 INFO  : Memory regions updated for context APU
17:40:08 INFO  : Context for processor 'ps7_cortexa9_0' is selected.
17:40:08 INFO  : 'con' command is executed.
17:40:08 INFO  : ----------------XSDB Script (After Launch)----------------
targets -set -nocase -filter {name =~ "ARM*#0" && jtag_cable_name =~ "Digilent Zed 210248A49C47"} -index 0
con
----------------End of Script----------------

17:40:08 INFO  : Launch script is exported to file 'C:\GIT\ESiF_Zynq\Task1\ESiF_Task1\ESiF_Task1.sdk\.sdk\launch_scripts\xilinx_c-c++_application_(system_debugger)\system_debugger_using_debug_task1.elf_on_local.tcl'
17:50:51 INFO  : Disconnected from the channel tcfchan#1.
