20:59:00 INFO  : Registering command handlers for SDK TCF services
20:59:00 INFO  : Launching XSCT server: xsct.bat -interactive C:\GIT\ESiF_Zynq\Task2\ESiF_Task2\ESiF_Task2.sdk\temp_xsdb_launch_script.tcl
20:59:03 INFO  : XSCT server has started successfully.
20:59:03 INFO  : Successfully done setting XSCT server connection channel  
20:59:03 INFO  : Successfully done setting SDK workspace  
20:59:03 INFO  : Processing command line option -hwspec C:/GIT/ESiF_Zynq/Task2/ESiF_Task2/ESiF_Task2.sdk/zynq_wrapper.hdf.
21:14:16 INFO  : Connected to target on host '127.0.0.1' and port '3121'.
21:16:06 INFO  : 'targets -set -filter {jtag_cable_name =~ "Digilent Zed 210248A49C47" && level==0} -index 1' command is executed.
21:16:06 INFO  : 'fpga -state' command is executed.
21:16:06 INFO  : Connected to target on host '127.0.0.1' and port '3121'.
21:16:06 INFO  : Jtag cable 'Digilent Zed 210248A49C47' is selected.
21:16:06 INFO  : 'jtag frequency' command is executed.
21:16:06 INFO  : Sourcing of 'C:/GIT/ESiF_Zynq/Task2/ESiF_Task2/ESiF_Task2.sdk/zynq_wrapper_hw_platform_0/ps7_init.tcl' is done.
21:16:06 INFO  : Context for 'APU' is selected.
21:16:06 INFO  : Hardware design information is loaded from 'C:/GIT/ESiF_Zynq/Task2/ESiF_Task2/ESiF_Task2.sdk/zynq_wrapper_hw_platform_0/system.hdf'.
21:16:06 INFO  : 'configparams force-mem-access 1' command is executed.
21:16:06 INFO  : Context for 'APU' is selected.
21:16:06 INFO  : 'stop' command is executed.
21:16:07 INFO  : 'ps7_init' command is executed.
21:16:07 INFO  : 'ps7_post_config' command is executed.
21:16:07 INFO  : Context for processor 'ps7_cortexa9_0' is selected.
21:16:07 INFO  : Processor reset is completed for 'ps7_cortexa9_0'.
21:16:07 INFO  : Context for processor 'ps7_cortexa9_0' is selected.
21:16:07 INFO  : The application 'C:/GIT/ESiF_Zynq/Task2/ESiF_Task2/ESiF_Task2.sdk/task2/Debug/task2.elf' is downloaded to processor 'ps7_cortexa9_0'.
21:16:07 INFO  : 'configparams force-mem-access 0' command is executed.
21:16:07 INFO  : ----------------XSDB Script----------------
connect -url tcp:127.0.0.1:3121
source C:/GIT/ESiF_Zynq/Task2/ESiF_Task2/ESiF_Task2.sdk/zynq_wrapper_hw_platform_0/ps7_init.tcl
targets -set -nocase -filter {name =~"APU*" && jtag_cable_name =~ "Digilent Zed 210248A49C47"} -index 0
loadhw -hw C:/GIT/ESiF_Zynq/Task2/ESiF_Task2/ESiF_Task2.sdk/zynq_wrapper_hw_platform_0/system.hdf -mem-ranges [list {0x40000000 0xbfffffff}]
configparams force-mem-access 1
targets -set -nocase -filter {name =~"APU*" && jtag_cable_name =~ "Digilent Zed 210248A49C47"} -index 0
stop
ps7_init
ps7_post_config
targets -set -nocase -filter {name =~ "ARM*#0" && jtag_cable_name =~ "Digilent Zed 210248A49C47"} -index 0
rst -processor
targets -set -nocase -filter {name =~ "ARM*#0" && jtag_cable_name =~ "Digilent Zed 210248A49C47"} -index 0
dow C:/GIT/ESiF_Zynq/Task2/ESiF_Task2/ESiF_Task2.sdk/task2/Debug/task2.elf
configparams force-mem-access 0
----------------End of Script----------------

21:16:07 INFO  : Memory regions updated for context APU
21:16:07 INFO  : Context for processor 'ps7_cortexa9_0' is selected.
21:16:07 INFO  : 'con' command is executed.
21:16:07 INFO  : ----------------XSDB Script (After Launch)----------------
targets -set -nocase -filter {name =~ "ARM*#0" && jtag_cable_name =~ "Digilent Zed 210248A49C47"} -index 0
con
----------------End of Script----------------

21:16:07 INFO  : Launch script is exported to file 'C:\GIT\ESiF_Zynq\Task2\ESiF_Task2\ESiF_Task2.sdk\.sdk\launch_scripts\xilinx_c-c++_application_(system_debugger)\system_debugger_using_debug_task2.elf_on_local.tcl'
21:17:15 INFO  : Disconnected from the channel tcfchan#1.
21:17:16 INFO  : 'targets -set -filter {jtag_cable_name =~ "Digilent Zed 210248A49C47" && level==0} -index 1' command is executed.
21:17:16 INFO  : 'fpga -state' command is executed.
21:17:16 INFO  : Connected to target on host '127.0.0.1' and port '3121'.
21:17:16 INFO  : Jtag cable 'Digilent Zed 210248A49C47' is selected.
21:17:16 INFO  : 'jtag frequency' command is executed.
21:17:16 INFO  : Sourcing of 'C:/GIT/ESiF_Zynq/Task2/ESiF_Task2/ESiF_Task2.sdk/zynq_wrapper_hw_platform_0/ps7_init.tcl' is done.
21:17:16 INFO  : Context for 'APU' is selected.
21:17:19 INFO  : Hardware design information is loaded from 'C:/GIT/ESiF_Zynq/Task2/ESiF_Task2/ESiF_Task2.sdk/zynq_wrapper_hw_platform_0/system.hdf'.
21:17:19 INFO  : 'configparams force-mem-access 1' command is executed.
21:17:19 INFO  : Context for 'APU' is selected.
21:17:19 INFO  : 'stop' command is executed.
21:17:19 INFO  : 'ps7_init' command is executed.
21:17:19 INFO  : 'ps7_post_config' command is executed.
21:17:19 INFO  : Context for processor 'ps7_cortexa9_0' is selected.
21:17:19 INFO  : Processor reset is completed for 'ps7_cortexa9_0'.
21:17:19 INFO  : Context for processor 'ps7_cortexa9_0' is selected.
21:17:20 INFO  : The application 'C:/GIT/ESiF_Zynq/Task2/ESiF_Task2/ESiF_Task2.sdk/task2/Debug/task2.elf' is downloaded to processor 'ps7_cortexa9_0'.
21:17:20 INFO  : 'configparams force-mem-access 0' command is executed.
21:17:20 INFO  : ----------------XSDB Script----------------
connect -url tcp:127.0.0.1:3121
source C:/GIT/ESiF_Zynq/Task2/ESiF_Task2/ESiF_Task2.sdk/zynq_wrapper_hw_platform_0/ps7_init.tcl
targets -set -nocase -filter {name =~"APU*" && jtag_cable_name =~ "Digilent Zed 210248A49C47"} -index 0
loadhw -hw C:/GIT/ESiF_Zynq/Task2/ESiF_Task2/ESiF_Task2.sdk/zynq_wrapper_hw_platform_0/system.hdf -mem-ranges [list {0x40000000 0xbfffffff}]
configparams force-mem-access 1
targets -set -nocase -filter {name =~"APU*" && jtag_cable_name =~ "Digilent Zed 210248A49C47"} -index 0
stop
ps7_init
ps7_post_config
targets -set -nocase -filter {name =~ "ARM*#0" && jtag_cable_name =~ "Digilent Zed 210248A49C47"} -index 0
rst -processor
targets -set -nocase -filter {name =~ "ARM*#0" && jtag_cable_name =~ "Digilent Zed 210248A49C47"} -index 0
dow C:/GIT/ESiF_Zynq/Task2/ESiF_Task2/ESiF_Task2.sdk/task2/Debug/task2.elf
configparams force-mem-access 0
----------------End of Script----------------

21:17:20 INFO  : Memory regions updated for context APU
21:17:20 INFO  : Context for processor 'ps7_cortexa9_0' is selected.
21:17:20 INFO  : 'con' command is executed.
21:17:20 INFO  : ----------------XSDB Script (After Launch)----------------
targets -set -nocase -filter {name =~ "ARM*#0" && jtag_cable_name =~ "Digilent Zed 210248A49C47"} -index 0
con
----------------End of Script----------------

21:17:20 INFO  : Launch script is exported to file 'C:\GIT\ESiF_Zynq\Task2\ESiF_Task2\ESiF_Task2.sdk\.sdk\launch_scripts\xilinx_c-c++_application_(system_debugger)\system_debugger_using_debug_task2.elf_on_local.tcl'
21:30:29 INFO  : Disconnected from the channel tcfchan#2.
21:30:30 INFO  : 'targets -set -filter {jtag_cable_name =~ "Digilent Zed 210248A49C47" && level==0} -index 1' command is executed.
21:30:30 INFO  : 'fpga -state' command is executed.
21:30:30 INFO  : Connected to target on host '127.0.0.1' and port '3121'.
21:30:30 INFO  : Jtag cable 'Digilent Zed 210248A49C47' is selected.
21:30:30 INFO  : 'jtag frequency' command is executed.
21:30:30 INFO  : Sourcing of 'C:/GIT/ESiF_Zynq/Task2/ESiF_Task2/ESiF_Task2.sdk/zynq_wrapper_hw_platform_0/ps7_init.tcl' is done.
21:30:30 INFO  : Context for 'APU' is selected.
21:30:33 INFO  : Hardware design information is loaded from 'C:/GIT/ESiF_Zynq/Task2/ESiF_Task2/ESiF_Task2.sdk/zynq_wrapper_hw_platform_0/system.hdf'.
21:30:33 INFO  : 'configparams force-mem-access 1' command is executed.
21:30:33 INFO  : Context for 'APU' is selected.
21:30:33 INFO  : 'stop' command is executed.
21:30:33 INFO  : 'ps7_init' command is executed.
21:30:33 INFO  : 'ps7_post_config' command is executed.
21:30:33 INFO  : Context for processor 'ps7_cortexa9_0' is selected.
21:30:33 INFO  : Processor reset is completed for 'ps7_cortexa9_0'.
21:30:33 INFO  : Context for processor 'ps7_cortexa9_0' is selected.
21:30:33 INFO  : The application 'C:/GIT/ESiF_Zynq/Task2/ESiF_Task2/ESiF_Task2.sdk/task2/Debug/task2.elf' is downloaded to processor 'ps7_cortexa9_0'.
21:30:34 INFO  : 'configparams force-mem-access 0' command is executed.
21:30:34 INFO  : ----------------XSDB Script----------------
connect -url tcp:127.0.0.1:3121
source C:/GIT/ESiF_Zynq/Task2/ESiF_Task2/ESiF_Task2.sdk/zynq_wrapper_hw_platform_0/ps7_init.tcl
targets -set -nocase -filter {name =~"APU*" && jtag_cable_name =~ "Digilent Zed 210248A49C47"} -index 0
loadhw -hw C:/GIT/ESiF_Zynq/Task2/ESiF_Task2/ESiF_Task2.sdk/zynq_wrapper_hw_platform_0/system.hdf -mem-ranges [list {0x40000000 0xbfffffff}]
configparams force-mem-access 1
targets -set -nocase -filter {name =~"APU*" && jtag_cable_name =~ "Digilent Zed 210248A49C47"} -index 0
stop
ps7_init
ps7_post_config
targets -set -nocase -filter {name =~ "ARM*#0" && jtag_cable_name =~ "Digilent Zed 210248A49C47"} -index 0
rst -processor
targets -set -nocase -filter {name =~ "ARM*#0" && jtag_cable_name =~ "Digilent Zed 210248A49C47"} -index 0
dow C:/GIT/ESiF_Zynq/Task2/ESiF_Task2/ESiF_Task2.sdk/task2/Debug/task2.elf
configparams force-mem-access 0
----------------End of Script----------------

21:30:34 INFO  : Memory regions updated for context APU
21:30:34 INFO  : Context for processor 'ps7_cortexa9_0' is selected.
21:30:34 INFO  : 'con' command is executed.
21:30:34 INFO  : ----------------XSDB Script (After Launch)----------------
targets -set -nocase -filter {name =~ "ARM*#0" && jtag_cable_name =~ "Digilent Zed 210248A49C47"} -index 0
con
----------------End of Script----------------

21:30:34 INFO  : Launch script is exported to file 'C:\GIT\ESiF_Zynq\Task2\ESiF_Task2\ESiF_Task2.sdk\.sdk\launch_scripts\xilinx_c-c++_application_(system_debugger)\system_debugger_using_debug_task2.elf_on_local.tcl'
21:31:40 INFO  : Disconnected from the channel tcfchan#3.
21:31:42 INFO  : 'targets -set -filter {jtag_cable_name =~ "Digilent Zed 210248A49C47" && level==0} -index 1' command is executed.
21:31:42 INFO  : 'fpga -state' command is executed.
21:31:42 INFO  : Connected to target on host '127.0.0.1' and port '3121'.
21:31:42 INFO  : Jtag cable 'Digilent Zed 210248A49C47' is selected.
21:31:42 INFO  : 'jtag frequency' command is executed.
21:31:42 INFO  : Sourcing of 'C:/GIT/ESiF_Zynq/Task2/ESiF_Task2/ESiF_Task2.sdk/zynq_wrapper_hw_platform_0/ps7_init.tcl' is done.
21:31:42 INFO  : Context for 'APU' is selected.
21:31:44 INFO  : Hardware design information is loaded from 'C:/GIT/ESiF_Zynq/Task2/ESiF_Task2/ESiF_Task2.sdk/zynq_wrapper_hw_platform_0/system.hdf'.
21:31:44 INFO  : 'configparams force-mem-access 1' command is executed.
21:31:44 INFO  : Context for 'APU' is selected.
21:31:44 INFO  : 'stop' command is executed.
21:31:45 INFO  : 'ps7_init' command is executed.
21:31:45 INFO  : 'ps7_post_config' command is executed.
21:31:45 INFO  : Context for processor 'ps7_cortexa9_0' is selected.
21:31:45 INFO  : Processor reset is completed for 'ps7_cortexa9_0'.
21:31:45 INFO  : Context for processor 'ps7_cortexa9_0' is selected.
21:31:45 INFO  : The application 'C:/GIT/ESiF_Zynq/Task2/ESiF_Task2/ESiF_Task2.sdk/task2/Debug/task2.elf' is downloaded to processor 'ps7_cortexa9_0'.
21:31:45 INFO  : 'configparams force-mem-access 0' command is executed.
21:31:45 INFO  : ----------------XSDB Script----------------
connect -url tcp:127.0.0.1:3121
source C:/GIT/ESiF_Zynq/Task2/ESiF_Task2/ESiF_Task2.sdk/zynq_wrapper_hw_platform_0/ps7_init.tcl
targets -set -nocase -filter {name =~"APU*" && jtag_cable_name =~ "Digilent Zed 210248A49C47"} -index 0
loadhw -hw C:/GIT/ESiF_Zynq/Task2/ESiF_Task2/ESiF_Task2.sdk/zynq_wrapper_hw_platform_0/system.hdf -mem-ranges [list {0x40000000 0xbfffffff}]
configparams force-mem-access 1
targets -set -nocase -filter {name =~"APU*" && jtag_cable_name =~ "Digilent Zed 210248A49C47"} -index 0
stop
ps7_init
ps7_post_config
targets -set -nocase -filter {name =~ "ARM*#0" && jtag_cable_name =~ "Digilent Zed 210248A49C47"} -index 0
rst -processor
targets -set -nocase -filter {name =~ "ARM*#0" && jtag_cable_name =~ "Digilent Zed 210248A49C47"} -index 0
dow C:/GIT/ESiF_Zynq/Task2/ESiF_Task2/ESiF_Task2.sdk/task2/Debug/task2.elf
configparams force-mem-access 0
----------------End of Script----------------

21:31:45 INFO  : Memory regions updated for context APU
21:31:45 INFO  : Context for processor 'ps7_cortexa9_0' is selected.
21:31:45 INFO  : 'con' command is executed.
21:31:45 INFO  : ----------------XSDB Script (After Launch)----------------
targets -set -nocase -filter {name =~ "ARM*#0" && jtag_cable_name =~ "Digilent Zed 210248A49C47"} -index 0
con
----------------End of Script----------------

21:31:45 INFO  : Launch script is exported to file 'C:\GIT\ESiF_Zynq\Task2\ESiF_Task2\ESiF_Task2.sdk\.sdk\launch_scripts\xilinx_c-c++_application_(system_debugger)\system_debugger_using_debug_task2.elf_on_local.tcl'
21:37:08 INFO  : Disconnected from the channel tcfchan#4.
14:53:17 INFO  : Registering command handlers for SDK TCF services
14:53:17 INFO  : Launching XSCT server: xsct.bat -interactive C:\GIT\ESiF_Zynq\Task2\ESiF_Task2\ESiF_Task2.sdk\temp_xsdb_launch_script.tcl
14:53:19 INFO  : XSCT server has started successfully.
14:53:19 INFO  : Successfully done setting XSCT server connection channel  
14:53:20 INFO  : Successfully done setting SDK workspace  
14:53:20 INFO  : Processing command line option -hwspec C:/GIT/ESiF_Zynq/Task2/ESiF_Task2/ESiF_Task2.sdk/zynq_wrapper.hdf.
14:53:20 INFO  : Checking for hwspec changes in the project zynq_wrapper_hw_platform_0.
14:53:25 INFO  : SDK has detected change in the last modified timestamps for source hardware specification file Source:1558430611850,  Project:1557860283779
14:53:25 INFO  : The hardware specification for project 'zynq_wrapper_hw_platform_0' is different from C:/GIT/ESiF_Zynq/Task2/ESiF_Task2/ESiF_Task2.sdk/zynq_wrapper.hdf.
14:53:26 INFO  : Copied contents of C:/GIT/ESiF_Zynq/Task2/ESiF_Task2/ESiF_Task2.sdk/zynq_wrapper.hdf into \zynq_wrapper_hw_platform_0\system.hdf.
14:53:30 INFO  : Synchronizing projects in the workspace with the hardware platform specification changes.
14:53:32 INFO  : 
14:53:34 INFO  : 
14:53:35 INFO  : Updating hardware inferred compiler options for task2.
14:53:35 INFO  : Clearing existing target manager status.
14:55:12 INFO  : 'targets -set -filter {jtag_cable_name =~ "Digilent Zed 210248A49C47" && level==0} -index 1' command is executed.
14:55:12 INFO  : 'fpga -state' command is executed.
14:55:12 INFO  : Connected to target on host '127.0.0.1' and port '3121'.
14:55:12 INFO  : Jtag cable 'Digilent Zed 210248A49C47' is selected.
14:55:12 INFO  : 'jtag frequency' command is executed.
14:55:12 INFO  : Sourcing of 'C:/GIT/ESiF_Zynq/Task2/ESiF_Task2/ESiF_Task2.sdk/zynq_wrapper_hw_platform_0/ps7_init.tcl' is done.
14:55:12 INFO  : Context for 'APU' is selected.
14:55:12 INFO  : Hardware design information is loaded from 'C:/GIT/ESiF_Zynq/Task2/ESiF_Task2/ESiF_Task2.sdk/zynq_wrapper_hw_platform_0/system.hdf'.
14:55:12 INFO  : 'configparams force-mem-access 1' command is executed.
14:55:12 INFO  : Context for 'APU' is selected.
14:55:12 INFO  : 'stop' command is executed.
14:55:13 INFO  : 'ps7_init' command is executed.
14:55:13 INFO  : 'ps7_post_config' command is executed.
14:55:13 INFO  : Context for processor 'ps7_cortexa9_0' is selected.
14:55:13 INFO  : Processor reset is completed for 'ps7_cortexa9_0'.
14:55:13 INFO  : Context for processor 'ps7_cortexa9_0' is selected.
14:55:13 INFO  : The application 'C:/GIT/ESiF_Zynq/Task2/ESiF_Task2/ESiF_Task2.sdk/task2/Debug/task2.elf' is downloaded to processor 'ps7_cortexa9_0'.
14:55:13 INFO  : 'configparams force-mem-access 0' command is executed.
14:55:13 INFO  : ----------------XSDB Script----------------
connect -url tcp:127.0.0.1:3121
source C:/GIT/ESiF_Zynq/Task2/ESiF_Task2/ESiF_Task2.sdk/zynq_wrapper_hw_platform_0/ps7_init.tcl
targets -set -nocase -filter {name =~"APU*" && jtag_cable_name =~ "Digilent Zed 210248A49C47"} -index 0
loadhw -hw C:/GIT/ESiF_Zynq/Task2/ESiF_Task2/ESiF_Task2.sdk/zynq_wrapper_hw_platform_0/system.hdf -mem-ranges [list {0x40000000 0xbfffffff}]
configparams force-mem-access 1
targets -set -nocase -filter {name =~"APU*" && jtag_cable_name =~ "Digilent Zed 210248A49C47"} -index 0
stop
ps7_init
ps7_post_config
targets -set -nocase -filter {name =~ "ARM*#0" && jtag_cable_name =~ "Digilent Zed 210248A49C47"} -index 0
rst -processor
targets -set -nocase -filter {name =~ "ARM*#0" && jtag_cable_name =~ "Digilent Zed 210248A49C47"} -index 0
dow C:/GIT/ESiF_Zynq/Task2/ESiF_Task2/ESiF_Task2.sdk/task2/Debug/task2.elf
configparams force-mem-access 0
----------------End of Script----------------

14:55:13 INFO  : Memory regions updated for context APU
14:55:13 INFO  : Context for processor 'ps7_cortexa9_0' is selected.
14:55:13 INFO  : 'con' command is executed.
14:55:13 INFO  : ----------------XSDB Script (After Launch)----------------
targets -set -nocase -filter {name =~ "ARM*#0" && jtag_cable_name =~ "Digilent Zed 210248A49C47"} -index 0
con
----------------End of Script----------------

14:55:13 INFO  : Launch script is exported to file 'C:\GIT\ESiF_Zynq\Task2\ESiF_Task2\ESiF_Task2.sdk\.sdk\launch_scripts\xilinx_c-c++_application_(system_debugger)\system_debugger_using_debug_task2.elf_on_local.tcl'
14:55:39 INFO  : Disconnected from the channel tcfchan#1.
14:55:40 INFO  : 'targets -set -filter {jtag_cable_name =~ "Digilent Zed 210248A49C47" && level==0} -index 1' command is executed.
14:55:40 INFO  : 'fpga -state' command is executed.
14:55:40 INFO  : Connected to target on host '127.0.0.1' and port '3121'.
14:55:40 INFO  : Jtag cable 'Digilent Zed 210248A49C47' is selected.
14:55:40 INFO  : 'jtag frequency' command is executed.
14:55:40 INFO  : Sourcing of 'C:/GIT/ESiF_Zynq/Task2/ESiF_Task2/ESiF_Task2.sdk/zynq_wrapper_hw_platform_0/ps7_init.tcl' is done.
14:55:40 INFO  : Context for 'APU' is selected.
14:55:42 INFO  : Hardware design information is loaded from 'C:/GIT/ESiF_Zynq/Task2/ESiF_Task2/ESiF_Task2.sdk/zynq_wrapper_hw_platform_0/system.hdf'.
14:55:42 INFO  : 'configparams force-mem-access 1' command is executed.
14:55:42 INFO  : Context for 'APU' is selected.
14:55:42 INFO  : 'stop' command is executed.
14:55:43 INFO  : 'ps7_init' command is executed.
14:55:43 INFO  : 'ps7_post_config' command is executed.
14:55:43 INFO  : Context for processor 'ps7_cortexa9_0' is selected.
14:55:43 INFO  : Processor reset is completed for 'ps7_cortexa9_0'.
14:55:43 INFO  : Context for processor 'ps7_cortexa9_0' is selected.
14:55:43 INFO  : The application 'C:/GIT/ESiF_Zynq/Task2/ESiF_Task2/ESiF_Task2.sdk/task2/Debug/task2.elf' is downloaded to processor 'ps7_cortexa9_0'.
14:55:43 INFO  : 'configparams force-mem-access 0' command is executed.
14:55:43 INFO  : ----------------XSDB Script----------------
connect -url tcp:127.0.0.1:3121
source C:/GIT/ESiF_Zynq/Task2/ESiF_Task2/ESiF_Task2.sdk/zynq_wrapper_hw_platform_0/ps7_init.tcl
targets -set -nocase -filter {name =~"APU*" && jtag_cable_name =~ "Digilent Zed 210248A49C47"} -index 0
loadhw -hw C:/GIT/ESiF_Zynq/Task2/ESiF_Task2/ESiF_Task2.sdk/zynq_wrapper_hw_platform_0/system.hdf -mem-ranges [list {0x40000000 0xbfffffff}]
configparams force-mem-access 1
targets -set -nocase -filter {name =~"APU*" && jtag_cable_name =~ "Digilent Zed 210248A49C47"} -index 0
stop
ps7_init
ps7_post_config
targets -set -nocase -filter {name =~ "ARM*#0" && jtag_cable_name =~ "Digilent Zed 210248A49C47"} -index 0
rst -processor
targets -set -nocase -filter {name =~ "ARM*#0" && jtag_cable_name =~ "Digilent Zed 210248A49C47"} -index 0
dow C:/GIT/ESiF_Zynq/Task2/ESiF_Task2/ESiF_Task2.sdk/task2/Debug/task2.elf
configparams force-mem-access 0
----------------End of Script----------------

14:55:43 INFO  : Memory regions updated for context APU
14:55:43 INFO  : Context for processor 'ps7_cortexa9_0' is selected.
14:55:43 INFO  : 'con' command is executed.
14:55:43 INFO  : ----------------XSDB Script (After Launch)----------------
targets -set -nocase -filter {name =~ "ARM*#0" && jtag_cable_name =~ "Digilent Zed 210248A49C47"} -index 0
con
----------------End of Script----------------

14:55:43 INFO  : Launch script is exported to file 'C:\GIT\ESiF_Zynq\Task2\ESiF_Task2\ESiF_Task2.sdk\.sdk\launch_scripts\xilinx_c-c++_application_(system_debugger)\system_debugger_using_debug_task2.elf_on_local.tcl'
14:57:22 INFO  : Disconnected from the channel tcfchan#2.
14:57:23 INFO  : 'targets -set -filter {jtag_cable_name =~ "Digilent Zed 210248A49C47" && level==0} -index 1' command is executed.
14:57:23 INFO  : 'fpga -state' command is executed.
14:57:23 INFO  : Connected to target on host '127.0.0.1' and port '3121'.
14:57:23 INFO  : Jtag cable 'Digilent Zed 210248A49C47' is selected.
14:57:23 INFO  : 'jtag frequency' command is executed.
14:57:23 INFO  : Sourcing of 'C:/GIT/ESiF_Zynq/Task2/ESiF_Task2/ESiF_Task2.sdk/zynq_wrapper_hw_platform_0/ps7_init.tcl' is done.
14:57:23 INFO  : Context for 'APU' is selected.
14:57:23 INFO  : Hardware design information is loaded from 'C:/GIT/ESiF_Zynq/Task2/ESiF_Task2/ESiF_Task2.sdk/zynq_wrapper_hw_platform_0/system.hdf'.
14:57:23 INFO  : 'configparams force-mem-access 1' command is executed.
14:57:23 INFO  : Context for 'APU' is selected.
14:57:23 INFO  : 'stop' command is executed.
14:57:24 INFO  : 'ps7_init' command is executed.
14:57:24 INFO  : 'ps7_post_config' command is executed.
14:57:24 INFO  : Context for processor 'ps7_cortexa9_0' is selected.
14:57:24 INFO  : Processor reset is completed for 'ps7_cortexa9_0'.
14:57:24 INFO  : Context for processor 'ps7_cortexa9_0' is selected.
14:57:24 INFO  : The application 'C:/GIT/ESiF_Zynq/Task2/ESiF_Task2/ESiF_Task2.sdk/task2/Debug/task2.elf' is downloaded to processor 'ps7_cortexa9_0'.
14:57:24 INFO  : 'configparams force-mem-access 0' command is executed.
14:57:24 INFO  : ----------------XSDB Script----------------
connect -url tcp:127.0.0.1:3121
source C:/GIT/ESiF_Zynq/Task2/ESiF_Task2/ESiF_Task2.sdk/zynq_wrapper_hw_platform_0/ps7_init.tcl
targets -set -nocase -filter {name =~"APU*" && jtag_cable_name =~ "Digilent Zed 210248A49C47"} -index 0
loadhw -hw C:/GIT/ESiF_Zynq/Task2/ESiF_Task2/ESiF_Task2.sdk/zynq_wrapper_hw_platform_0/system.hdf -mem-ranges [list {0x40000000 0xbfffffff}]
configparams force-mem-access 1
targets -set -nocase -filter {name =~"APU*" && jtag_cable_name =~ "Digilent Zed 210248A49C47"} -index 0
stop
ps7_init
ps7_post_config
targets -set -nocase -filter {name =~ "ARM*#0" && jtag_cable_name =~ "Digilent Zed 210248A49C47"} -index 0
rst -processor
targets -set -nocase -filter {name =~ "ARM*#0" && jtag_cable_name =~ "Digilent Zed 210248A49C47"} -index 0
dow C:/GIT/ESiF_Zynq/Task2/ESiF_Task2/ESiF_Task2.sdk/task2/Debug/task2.elf
configparams force-mem-access 0
----------------End of Script----------------

14:57:24 INFO  : Memory regions updated for context APU
14:57:24 INFO  : Context for processor 'ps7_cortexa9_0' is selected.
14:57:24 INFO  : 'con' command is executed.
14:57:24 INFO  : ----------------XSDB Script (After Launch)----------------
targets -set -nocase -filter {name =~ "ARM*#0" && jtag_cable_name =~ "Digilent Zed 210248A49C47"} -index 0
con
----------------End of Script----------------

14:57:24 INFO  : Launch script is exported to file 'C:\GIT\ESiF_Zynq\Task2\ESiF_Task2\ESiF_Task2.sdk\.sdk\launch_scripts\xilinx_c-c++_application_(system_debugger)\system_debugger_using_debug_task2.elf_on_local.tcl'
15:07:49 INFO  : Disconnected from the channel tcfchan#3.
15:07:50 INFO  : 'targets -set -filter {jtag_cable_name =~ "Digilent Zed 210248A49C47" && level==0} -index 1' command is executed.
15:07:50 INFO  : 'fpga -state' command is executed.
15:07:50 INFO  : Connected to target on host '127.0.0.1' and port '3121'.
15:07:50 INFO  : Jtag cable 'Digilent Zed 210248A49C47' is selected.
15:07:50 INFO  : 'jtag frequency' command is executed.
15:07:50 INFO  : Sourcing of 'C:/GIT/ESiF_Zynq/Task2/ESiF_Task2/ESiF_Task2.sdk/zynq_wrapper_hw_platform_0/ps7_init.tcl' is done.
15:07:50 INFO  : Context for 'APU' is selected.
15:07:50 INFO  : Hardware design information is loaded from 'C:/GIT/ESiF_Zynq/Task2/ESiF_Task2/ESiF_Task2.sdk/zynq_wrapper_hw_platform_0/system.hdf'.
15:07:50 INFO  : 'configparams force-mem-access 1' command is executed.
15:07:51 INFO  : Context for 'APU' is selected.
15:07:51 INFO  : 'stop' command is executed.
15:07:51 INFO  : 'ps7_init' command is executed.
15:07:51 INFO  : 'ps7_post_config' command is executed.
15:07:51 INFO  : Context for processor 'ps7_cortexa9_0' is selected.
15:07:51 INFO  : Processor reset is completed for 'ps7_cortexa9_0'.
15:07:51 INFO  : Context for processor 'ps7_cortexa9_0' is selected.
15:07:51 INFO  : The application 'C:/GIT/ESiF_Zynq/Task2/ESiF_Task2/ESiF_Task2.sdk/task2/Debug/task2.elf' is downloaded to processor 'ps7_cortexa9_0'.
15:07:51 INFO  : 'configparams force-mem-access 0' command is executed.
15:07:51 INFO  : ----------------XSDB Script----------------
connect -url tcp:127.0.0.1:3121
source C:/GIT/ESiF_Zynq/Task2/ESiF_Task2/ESiF_Task2.sdk/zynq_wrapper_hw_platform_0/ps7_init.tcl
targets -set -nocase -filter {name =~"APU*" && jtag_cable_name =~ "Digilent Zed 210248A49C47"} -index 0
loadhw -hw C:/GIT/ESiF_Zynq/Task2/ESiF_Task2/ESiF_Task2.sdk/zynq_wrapper_hw_platform_0/system.hdf -mem-ranges [list {0x40000000 0xbfffffff}]
configparams force-mem-access 1
targets -set -nocase -filter {name =~"APU*" && jtag_cable_name =~ "Digilent Zed 210248A49C47"} -index 0
stop
ps7_init
ps7_post_config
targets -set -nocase -filter {name =~ "ARM*#0" && jtag_cable_name =~ "Digilent Zed 210248A49C47"} -index 0
rst -processor
targets -set -nocase -filter {name =~ "ARM*#0" && jtag_cable_name =~ "Digilent Zed 210248A49C47"} -index 0
dow C:/GIT/ESiF_Zynq/Task2/ESiF_Task2/ESiF_Task2.sdk/task2/Debug/task2.elf
configparams force-mem-access 0
----------------End of Script----------------

15:07:51 INFO  : Memory regions updated for context APU
15:07:51 INFO  : Context for processor 'ps7_cortexa9_0' is selected.
15:07:51 INFO  : 'con' command is executed.
15:07:51 INFO  : ----------------XSDB Script (After Launch)----------------
targets -set -nocase -filter {name =~ "ARM*#0" && jtag_cable_name =~ "Digilent Zed 210248A49C47"} -index 0
con
----------------End of Script----------------

15:07:51 INFO  : Launch script is exported to file 'C:\GIT\ESiF_Zynq\Task2\ESiF_Task2\ESiF_Task2.sdk\.sdk\launch_scripts\xilinx_c-c++_application_(system_debugger)\system_debugger_using_debug_task2.elf_on_local.tcl'
15:19:08 INFO  : Disconnected from the channel tcfchan#4.
